{"numTotalTestSuites":49,"numPassedTestSuites":49,"numFailedTestSuites":0,"numPendingTestSuites":0,"numTotalTests":105,"numPassedTests":105,"numFailedTests":0,"numPendingTests":0,"numTodoTests":0,"snapshot":{"added":0,"failure":false,"filesAdded":0,"filesRemoved":0,"filesRemovedList":[],"filesUnmatched":0,"filesUpdated":0,"matched":2,"total":2,"unchecked":0,"uncheckedKeysByFile":[],"unmatched":0,"updated":0,"didUpdate":false},"startTime":1773206802975,"success":true,"testResults":[{"assertionResults":[{"ancestorTitles":["App","initialization"],"fullName":"App initialization should show loading screen initially","status":"passed","title":"should show loading screen initially","duration":42.78227700000002,"failureMessages":[],"meta":{}},{"ancestorTitles":["App","initialization"],"fullName":"App initialization should show error on initialization failure","status":"passed","title":"should show error on initialization failure","duration":17.841536000000133,"failureMessages":[],"meta":{}},{"ancestorTitles":["App","initialization"],"fullName":"App initialization should load initial chapter after mounting","status":"passed","title":"should load initial chapter after mounting","duration":41.599629999999934,"failureMessages":[],"meta":{}},{"ancestorTitles":["App","initialization"],"fullName":"App initialization should display chapter data after load","status":"passed","title":"should display chapter data after load","duration":19.930343999999877,"failureMessages":[],"meta":{}},{"ancestorTitles":["App","context menu"],"fullName":"App context menu should show context menu on right click","status":"passed","title":"should show context menu on right click","duration":25.74088299999994,"failureMessages":[],"meta":{}},{"ancestorTitles":["App","context menu"],"fullName":"App context menu should close menu on click elsewhere","status":"passed","title":"should close menu on click elsewhere","duration":20.000706000000037,"failureMessages":[],"meta":{}},{"ancestorTitles":["App","save functionality"],"fullName":"App save functionality should trigger save when save button is clicked","status":"passed","title":"should trigger save when save button is clicked","duration":16.44387800000004,"failureMessages":[],"meta":{}},{"ancestorTitles":["App","editor mode"],"fullName":"App editor mode should toggle editor mode","status":"passed","title":"should toggle editor mode","duration":9.345336999999972,"failureMessages":[],"meta":{}},{"ancestorTitles":["App","editor mode"],"fullName":"App editor mode should show markdown editor when in editor mode","status":"passed","title":"should show markdown editor when in editor mode","duration":31.40605299999993,"failureMessages":[],"meta":{}},{"ancestorTitles":["App","chapter loading with XML generation"],"fullName":"App chapter loading with XML generation should run pipeline when XML does not exist","status":"passed","title":"should run pipeline when XML does not exist","duration":2014.1592620000001,"failureMessages":[],"meta":{}},{"ancestorTitles":["App","chapter loading with XML generation"],"fullName":"App chapter loading with XML generation should show error when pipeline fails","status":"passed","title":"should show error when pipeline fails","duration":8.238252999999986,"failureMessages":[],"meta":{}},{"ancestorTitles":["App","unsaved changes handling"],"fullName":"App unsaved changes handling should show confirmation when switching chapters with unsaved changes","status":"passed","title":"should show confirmation when switching chapters with unsaved changes","duration":4.757074999999986,"failureMessages":[],"meta":{}},{"ancestorTitles":["App","window resize"],"fullName":"App window resize should handle window resize","status":"passed","title":"should handle window resize","duration":6.79852800000026,"failureMessages":[],"meta":{}},{"ancestorTitles":["App","story selection integration"],"fullName":"App story selection integration should initialize with default story when no current story set","status":"passed","title":"should initialize with default story when no current story set","duration":7.636085000000094,"failureMessages":[],"meta":{}},{"ancestorTitles":["App","story selection integration"],"fullName":"App story selection integration should load current story from main process on init","status":"passed","title":"should load current story from main process on init","duration":8.961889000000156,"failureMessages":[],"meta":{}},{"ancestorTitles":["App","story selection integration"],"fullName":"App story selection integration should reload config when story changes","status":"passed","title":"should reload config when story changes","duration":6.846369000000323,"failureMessages":[],"meta":{}},{"ancestorTitles":["App","story selection integration"],"fullName":"App story selection integration should handle story selection error gracefully","status":"passed","title":"should handle story selection error gracefully","duration":5.723499000000174,"failureMessages":[],"meta":{}},{"ancestorTitles":["App","story selection integration"],"fullName":"App story selection integration should support story-specific chapter listing","status":"passed","title":"should support story-specific chapter listing","duration":7.840721999999914,"failureMessages":[],"meta":{}},{"ancestorTitles":["App","story selection integration"],"fullName":"App story selection integration should support story-specific XML existence check","status":"passed","title":"should support story-specific XML existence check","duration":5.388120000000072,"failureMessages":[],"meta":{}},{"ancestorTitles":["App","story selection integration"],"fullName":"App story selection integration should persist current story in main process","status":"passed","title":"should persist current story in main process","duration":9.553620000000137,"failureMessages":[],"meta":{}}],"startTime":1773206804535,"endTime":1773206806847.5537,"status":"passed","message":"","name":"/home/dsidlo/workspace/FlexiTTS/src/ui/src/__tests__/App.test.tsx"},{"assertionResults":[{"ancestorTitles":["DialogBar validation rendering"],"fullName":"DialogBar validation rendering shows validation marker after character change updates parent dialog prop","status":"passed","title":"shows validation marker after character change updates parent dialog prop","duration":137.1756049999999,"failureMessages":[],"meta":{}}],"startTime":1773206804266,"endTime":1773206804403.1755,"status":"passed","message":"","name":"/home/dsidlo/workspace/FlexiTTS/src/ui/src/__tests__/DialogBar.validation.test.tsx"},{"assertionResults":[{"ancestorTitles":["StoryDropdown","initialization"],"fullName":"StoryDropdown initialization should show loading state initially","status":"passed","title":"should show loading state initially","duration":54.46489599999995,"failureMessages":[],"meta":{}},{"ancestorTitles":["StoryDropdown","initialization"],"fullName":"StoryDropdown initialization should load stories on mount via IPC","status":"passed","title":"should load stories on mount via IPC","duration":14.981370999999854,"failureMessages":[],"meta":{}},{"ancestorTitles":["StoryDropdown","initialization"],"fullName":"StoryDropdown initialization should use mock data when window.api is not available","status":"passed","title":"should use mock data when window.api is not available","duration":38.77387299999987,"failureMessages":[],"meta":{}},{"ancestorTitles":["StoryDropdown","story selection"],"fullName":"StoryDropdown story selection should render with \"All Stories\" as default","status":"passed","title":"should render with \"All Stories\" as default","duration":14.347895999999992,"failureMessages":[],"meta":{}},{"ancestorTitles":["StoryDropdown","story selection"],"fullName":"StoryDropdown story selection should render all story options","status":"passed","title":"should render all story options","duration":16.552098000000115,"failureMessages":[],"meta":{}},{"ancestorTitles":["StoryDropdown","story selection"],"fullName":"StoryDropdown story selection should call onStorySelect when a story is selected","status":"passed","title":"should call onStorySelect when a story is selected","duration":13.107962999999927,"failureMessages":[],"meta":{}},{"ancestorTitles":["StoryDropdown","story selection"],"fullName":"StoryDropdown story selection should call onStorySelect with null when \"All Stories\" is selected","status":"passed","title":"should call onStorySelect with null when \"All Stories\" is selected","duration":11.577743999999939,"failureMessages":[],"meta":{}},{"ancestorTitles":["StoryDropdown","story selection"],"fullName":"StoryDropdown story selection should display the currently selected story","status":"passed","title":"should display the currently selected story","duration":10.781966999999895,"failureMessages":[],"meta":{}},{"ancestorTitles":["StoryDropdown","error handling"],"fullName":"StoryDropdown error handling should handle empty response","status":"passed","title":"should handle empty response","duration":8.777698999999984,"failureMessages":[],"meta":{}},{"ancestorTitles":["StoryDropdown","accessibility"],"fullName":"StoryDropdown accessibility should have a title attribute for tooltip","status":"passed","title":"should have a title attribute for tooltip","duration":7.601462000000083,"failureMessages":[],"meta":{}},{"ancestorTitles":["StoryDropdown","accessibility"],"fullName":"StoryDropdown accessibility should be accessible via keyboard navigation","status":"passed","title":"should be accessible via keyboard navigation","duration":8.173564999999826,"failureMessages":[],"meta":{}},{"ancestorTitles":["StoryDropdown","story filtering"],"fullName":"StoryDropdown story filtering should handle stories with special characters in names","status":"passed","title":"should handle stories with special characters in names","duration":11.224812000000156,"failureMessages":[],"meta":{}},{"ancestorTitles":["StoryDropdown","story filtering"],"fullName":"StoryDropdown story filtering should handle very long story names","status":"passed","title":"should handle very long story names","duration":7.106287000000066,"failureMessages":[],"meta":{}}],"startTime":1773206804482,"endTime":1773206804701.1062,"status":"passed","message":"","name":"/home/dsidlo/workspace/FlexiTTS/src/ui/src/__tests__/StoryDropdown.test.tsx"},{"assertionResults":[{"ancestorTitles":["chapterService","wrapText"],"fullName":"chapterService wrapText should wrap text at word boundaries","status":"passed","title":"should wrap text at word boundaries","duration":8.962545999999975,"failureMessages":[],"meta":{}},{"ancestorTitles":["chapterService","wrapText"],"fullName":"chapterService wrapText should handle short text without wrapping","status":"passed","title":"should handle short text without wrapping","duration":0.2679209999998875,"failureMessages":[],"meta":{}},{"ancestorTitles":["chapterService","wrapText"],"fullName":"chapterService wrapText should apply indentation to wrapped lines","status":"passed","title":"should apply indentation to wrapped lines","duration":0.28422999999997955,"failureMessages":[],"meta":{}},{"ancestorTitles":["chapterService","wrapText"],"fullName":"chapterService wrapText should handle empty text","status":"passed","title":"should handle empty text","duration":0.193360999999868,"failureMessages":[],"meta":{}},{"ancestorTitles":["chapterService","getRootNodeName"],"fullName":"chapterService getRootNodeName should return \"story\" for Story-Entanglement files","status":"passed","title":"should return \"story\" for Story-Entanglement files","duration":0.3189990000000762,"failureMessages":[],"meta":{}},{"ancestorTitles":["chapterService","getRootNodeName"],"fullName":"chapterService getRootNodeName should return \"chapter\" for other files","status":"passed","title":"should return \"chapter\" for other files","duration":0.22644000000013875,"failureMessages":[],"meta":{}},{"ancestorTitles":["chapterService","buildAttributeString"],"fullName":"chapterService buildAttributeString should filter out structural attributes","status":"passed","title":"should filter out structural attributes","duration":0.6711929999999029,"failureMessages":[],"meta":{}},{"ancestorTitles":["chapterService","buildAttributeString"],"fullName":"chapterService buildAttributeString should return empty string for no valid attributes","status":"passed","title":"should return empty string for no valid attributes","duration":0.16744700000003832,"failureMessages":[],"meta":{}},{"ancestorTitles":["chapterService","getNodeName"],"fullName":"chapterService getNodeName should return \"narration\" for Narrator in story format","status":"passed","title":"should return \"narration\" for Narrator in story format","duration":1.1560190000000148,"failureMessages":[],"meta":{}},{"ancestorTitles":["chapterService","getNodeName"],"fullName":"chapterService getNodeName should return \"dialog\" for other characters in story format","status":"passed","title":"should return \"dialog\" for other characters in story format","duration":5.203068999999914,"failureMessages":[],"meta":{}},{"ancestorTitles":["chapterService","getNodeName"],"fullName":"chapterService getNodeName should return \"dialog\" for all characters in chapter format","status":"passed","title":"should return \"dialog\" for all characters in chapter format","duration":2.862873000000036,"failureMessages":[],"meta":{}},{"ancestorTitles":["chapterService","getIdKey"],"fullName":"chapterService getIdKey should always return \"dlgseq\"","status":"passed","title":"should always return \"dlgseq\"","duration":0.21799499999997352,"failureMessages":[],"meta":{}},{"ancestorTitles":["chapterService","generateXMLFromChapter"],"fullName":"chapterService generateXMLFromChapter should generate basic chapter XML","status":"passed","title":"should generate basic chapter XML","duration":0.754086000000143,"failureMessages":[],"meta":{}},{"ancestorTitles":["chapterService","generateXMLFromChapter"],"fullName":"chapterService generateXMLFromChapter should generate story format XML for Story-Entanglement files","status":"passed","title":"should generate story format XML for Story-Entanglement files","duration":0.22959100000002763,"failureMessages":[],"meta":{}},{"ancestorTitles":["chapterService","generateXMLFromChapter"],"fullName":"chapterService generateXMLFromChapter should include character attribute for non-narrator dialogs","status":"passed","title":"should include character attribute for non-narrator dialogs","duration":0.18747599999983322,"failureMessages":[],"meta":{}},{"ancestorTitles":["chapterService","generateXMLFromChapter"],"fullName":"chapterService generateXMLFromChapter should wrap dialogs in sections for story format","status":"passed","title":"should wrap dialogs in sections for story format","duration":0.22821799999996983,"failureMessages":[],"meta":{}},{"ancestorTitles":["chapterService","generateXMLFromChapter"],"fullName":"chapterService generateXMLFromChapter should use narration node for Narrator in story format","status":"passed","title":"should use narration node for Narrator in story format","duration":1.4736359999999422,"failureMessages":[],"meta":{}},{"ancestorTitles":["chapterService","generateXMLFromChapter"],"fullName":"chapterService generateXMLFromChapter should preserve custom attributes","status":"passed","title":"should preserve custom attributes","duration":1.8632270000000517,"failureMessages":[],"meta":{}},{"ancestorTitles":["chapterService","generateXMLFromChapter"],"fullName":"chapterService generateXMLFromChapter should wrap long text content","status":"passed","title":"should wrap long text content","duration":0.3594279999999799,"failureMessages":[],"meta":{}},{"ancestorTitles":["chapterService","generateXMLFromChapter"],"fullName":"chapterService generateXMLFromChapter should match snapshot for basic chapter","status":"passed","title":"should match snapshot for basic chapter","duration":1.5867709999999988,"failureMessages":[],"meta":{}},{"ancestorTitles":["chapterService","generateXMLFromChapter"],"fullName":"chapterService generateXMLFromChapter should match snapshot for story format","status":"passed","title":"should match snapshot for story format","duration":0.35127200000010816,"failureMessages":[],"meta":{}}],"startTime":1773206804040,"endTime":1773206804072.5867,"status":"passed","message":"","name":"/home/dsidlo/workspace/FlexiTTS/src/ui/src/__tests__/chapterService.test.ts"},{"assertionResults":[{"ancestorTitles":["validateChapterDialogs"],"fullName":"validateChapterDialogs flags missing character","status":"passed","title":"flags missing character","duration":5.301645000000008,"failureMessages":[],"meta":{}},{"ancestorTitles":["validateChapterDialogs"],"fullName":"validateChapterDialogs flags invalid custom voice speaker","status":"passed","title":"flags invalid custom voice speaker","duration":2.42484300000001,"failureMessages":[],"meta":{}},{"ancestorTitles":["validateChapterDialogs"],"fullName":"validateChapterDialogs flags missing voice sample","status":"passed","title":"flags missing voice sample","duration":0.9400329999999713,"failureMessages":[],"meta":{}},{"ancestorTitles":["validateChapterDialogs"],"fullName":"validateChapterDialogs flags missing voice sample file","status":"passed","title":"flags missing voice sample file","duration":3.142276999999922,"failureMessages":[],"meta":{}},{"ancestorTitles":["validateChapterDialogs"],"fullName":"validateChapterDialogs resolves voice samples relative to the story voices directory","status":"passed","title":"resolves voice samples relative to the story voices directory","duration":6.26446999999996,"failureMessages":[],"meta":{}},{"ancestorTitles":["validateChapterDialogs"],"fullName":"validateChapterDialogs flags undefined named dialog-effects on characters in a single issue","status":"passed","title":"flags undefined named dialog-effects on characters in a single issue","duration":8.117482999999993,"failureMessages":[],"meta":{}},{"ancestorTitles":["validateChapterDialogs"],"fullName":"validateChapterDialogs flags invalid dialog-effects even when a normalized voice-sample path exists","status":"passed","title":"flags invalid dialog-effects even when a normalized voice-sample path exists","duration":1.5163350000000264,"failureMessages":[],"meta":{}},{"ancestorTitles":["validateChapterDialogs"],"fullName":"validateChapterDialogs accepts multiple valid named dialog-effects on characters","status":"passed","title":"accepts multiple valid named dialog-effects on characters","duration":2.2899199999999382,"failureMessages":[],"meta":{}},{"ancestorTitles":["validateChapterDialogs"],"fullName":"validateChapterDialogs accepts valid custom voice","status":"passed","title":"accepts valid custom voice","duration":0.6995830000000751,"failureMessages":[],"meta":{}}],"startTime":1773206804015,"endTime":1773206804046.6995,"status":"passed","message":"","name":"/home/dsidlo/workspace/FlexiTTS/src/ui/src/__tests__/dialogValidation.test.ts"},{"assertionResults":[{"ancestorTitles":["electron shutdown TTS handling"],"fullName":"electron shutdown TTS handling gracefully stops TTS service before exit when PID disappears within 3 seconds","status":"passed","title":"gracefully stops TTS service before exit when PID disappears within 3 seconds","duration":163.78138,"failureMessages":[],"meta":{}},{"ancestorTitles":["electron shutdown TTS handling"],"fullName":"electron shutdown TTS handling escalates to force kill and shows modal when TTS service still survives","status":"passed","title":"escalates to force kill and shows modal when TTS service still survives","duration":104.50957300000005,"failureMessages":[],"meta":{}}],"startTime":1773206803946,"endTime":1773206804213.5095,"status":"passed","message":"","name":"/home/dsidlo/workspace/FlexiTTS/src/ui/src/__tests__/electron.main.shutdown.test.ts"},{"assertionResults":[{"ancestorTitles":["useAudio","initial state"],"fullName":"useAudio initial state should initialize with empty clips and no audio","status":"passed","title":"should initialize with empty clips and no audio","duration":39.879997,"failureMessages":[],"meta":{}},{"ancestorTitles":["useAudio","state setters"],"fullName":"useAudio state setters should set available clips","status":"passed","title":"should set available clips","duration":4.35971399999994,"failureMessages":[],"meta":{}},{"ancestorTitles":["useAudio","state setters"],"fullName":"useAudio state setters should set chapter audio status","status":"passed","title":"should set chapter audio status","duration":3.9103949999998804,"failureMessages":[],"meta":{}},{"ancestorTitles":["useAudio","refreshClips"],"fullName":"useAudio refreshClips should fetch and set clips for chapter","status":"passed","title":"should fetch and set clips for chapter","duration":4.078858999999966,"failureMessages":[],"meta":{}},{"ancestorTitles":["useAudio","refreshClips"],"fullName":"useAudio refreshClips should handle empty chapter file gracefully","status":"passed","title":"should handle empty chapter file gracefully","duration":4.467073000000028,"failureMessages":[],"meta":{}},{"ancestorTitles":["useAudio","refreshClips"],"fullName":"useAudio refreshClips should handle errors gracefully","status":"passed","title":"should handle errors gracefully","duration":2.4108819999999014,"failureMessages":[],"meta":{}},{"ancestorTitles":["useAudio","checkAudioStatus"],"fullName":"useAudio checkAudioStatus should check and set audio status","status":"passed","title":"should check and set audio status","duration":2.3116969999998673,"failureMessages":[],"meta":{}},{"ancestorTitles":["useAudio","checkAudioStatus"],"fullName":"useAudio checkAudioStatus should handle check errors","status":"passed","title":"should handle check errors","duration":1.9238780000000588,"failureMessages":[],"meta":{}},{"ancestorTitles":["useAudio","cancelAudio"],"fullName":"useAudio cancelAudio should cancel audio generation","status":"passed","title":"should cancel audio generation","duration":2.701677000000018,"failureMessages":[],"meta":{}},{"ancestorTitles":["useAudio","cancelAudio"],"fullName":"useAudio cancelAudio should handle cancel errors","status":"passed","title":"should handle cancel errors","duration":1.9099220000000514,"failureMessages":[],"meta":{}},{"ancestorTitles":["useAudio","generateAudio"],"fullName":"useAudio generateAudio should generate audio for a dialog","status":"passed","title":"should generate audio for a dialog","duration":6.04004000000009,"failureMessages":[],"meta":{}},{"ancestorTitles":["useAudio","generateAudio"],"fullName":"useAudio generateAudio should parse filename from different output formats","status":"passed","title":"should parse filename from different output formats","duration":3.070637999999917,"failureMessages":[],"meta":{}},{"ancestorTitles":["useAudio","generateAudio"],"fullName":"useAudio generateAudio should throw error if filename cannot be parsed","status":"passed","title":"should throw error if filename cannot be parsed","duration":16.7982199999999,"failureMessages":[],"meta":{}},{"ancestorTitles":["useAudio","generateAudio"],"fullName":"useAudio generateAudio should handle generation errors","status":"passed","title":"should handle generation errors","duration":2.6166860000000725,"failureMessages":[],"meta":{}},{"ancestorTitles":["useAudio","generateAudio"],"fullName":"useAudio generateAudio should skip playback when skipPlay is true","status":"passed","title":"should skip playback when skipPlay is true","duration":1.8044680000000426,"failureMessages":[],"meta":{}},{"ancestorTitles":["useAudio","generateAudio"],"fullName":"useAudio generateAudio should use mock fallback when window.api is unavailable","status":"passed","title":"should use mock fallback when window.api is unavailable","duration":2003.465245,"failureMessages":[],"meta":{}},{"ancestorTitles":["useAudio","generateAudio"],"fullName":"useAudio generateAudio should handle cancellation during generation","status":"passed","title":"should handle cancellation during generation","duration":1.0841209999998682,"failureMessages":[],"meta":{}},{"ancestorTitles":["useAudio","edge cases"],"fullName":"useAudio edge cases should handle null currentChapterFile in refreshClips","status":"passed","title":"should handle null currentChapterFile in refreshClips","duration":0.6694070000003194,"failureMessages":[],"meta":{}},{"ancestorTitles":["useAudio","edge cases"],"fullName":"useAudio edge cases should handle file paths without extension","status":"passed","title":"should handle file paths without extension","duration":0.7329939999999624,"failureMessages":[],"meta":{}}],"startTime":1773206804213,"endTime":1773206806318.733,"status":"passed","message":"","name":"/home/dsidlo/workspace/FlexiTTS/src/ui/src/__tests__/useAudio.test.ts"},{"assertionResults":[{"ancestorTitles":["useChapter","initial state"],"fullName":"useChapter initial state should initialize with null values","status":"passed","title":"should initialize with null values","duration":27.337290000000166,"failureMessages":[],"meta":{}},{"ancestorTitles":["useChapter","state setters"],"fullName":"useChapter state setters should set config","status":"passed","title":"should set config","duration":4.830620000000181,"failureMessages":[],"meta":{}},{"ancestorTitles":["useChapter","state setters"],"fullName":"useChapter state setters should set chapter list","status":"passed","title":"should set chapter list","duration":4.444623000000092,"failureMessages":[],"meta":{}},{"ancestorTitles":["useChapter","state setters"],"fullName":"useChapter state setters should update selected character filter","status":"passed","title":"should update selected character filter","duration":3.9623180000000957,"failureMessages":[],"meta":{}},{"ancestorTitles":["useChapter","state setters"],"fullName":"useChapter state setters should track available clips","status":"passed","title":"should track available clips","duration":3.9096790000000965,"failureMessages":[],"meta":{}},{"ancestorTitles":["useChapter","state setters"],"fullName":"useChapter state setters should track chapter audio status","status":"passed","title":"should track chapter audio status","duration":2.308360999999877,"failureMessages":[],"meta":{}},{"ancestorTitles":["useChapter","loadChapter"],"fullName":"useChapter loadChapter should load and parse chapter XML","status":"passed","title":"should load and parse chapter XML","duration":26.485834000000068,"failureMessages":[],"meta":{}},{"ancestorTitles":["useChapter","loadChapter"],"fullName":"useChapter loadChapter should set available clips","status":"passed","title":"should set available clips","duration":8.163598000000093,"failureMessages":[],"meta":{}},{"ancestorTitles":["useChapter","loadChapter"],"fullName":"useChapter loadChapter should check chapter audio status","status":"passed","title":"should check chapter audio status","duration":7.779054999999971,"failureMessages":[],"meta":{}},{"ancestorTitles":["useChapter","loadChapter"],"fullName":"useChapter loadChapter should reset character filter on load","status":"passed","title":"should reset character filter on load","duration":4.855056000000104,"failureMessages":[],"meta":{}},{"ancestorTitles":["useChapter","loadChapter"],"fullName":"useChapter loadChapter should set XML content after load","status":"passed","title":"should set XML content after load","duration":5.149590999999873,"failureMessages":[],"meta":{}},{"ancestorTitles":["useChapter","handleUpdateDialog"],"fullName":"useChapter handleUpdateDialog should update dialog and mark changes","status":"passed","title":"should update dialog and mark changes","duration":4.806570999999849,"failureMessages":[],"meta":{}},{"ancestorTitles":["useChapter","handleUpdateDialog"],"fullName":"useChapter handleUpdateDialog should match dialog by _index when available","status":"passed","title":"should match dialog by _index when available","duration":3.6545699999999215,"failureMessages":[],"meta":{}},{"ancestorTitles":["useChapter","handleUpdateDialog"],"fullName":"useChapter handleUpdateDialog should immediately revalidate after changing a dialog character","status":"passed","title":"should immediately revalidate after changing a dialog character","duration":10.781438999999864,"failureMessages":[],"meta":{}},{"ancestorTitles":["useChapter","handleChapterSelect - basic flow"],"fullName":"useChapter handleChapterSelect - basic flow should load chapter when XML exists","status":"passed","title":"should load chapter when XML exists","duration":7.362802999999985,"failureMessages":[],"meta":{}},{"ancestorTitles":["useChapter","unsaved changes ref"],"fullName":"useChapter unsaved changes ref should sync ref with state","status":"passed","title":"should sync ref with state","duration":4.764844000000039,"failureMessages":[],"meta":{}},{"ancestorTitles":["useChapter","unsaved changes ref"],"fullName":"useChapter unsaved changes ref should allow direct ref value updates","status":"passed","title":"should allow direct ref value updates","duration":1.411010000000033,"failureMessages":[],"meta":{}},{"ancestorTitles":["useChapter","edge cases"],"fullName":"useChapter edge cases should handle XML validation warnings gracefully","status":"passed","title":"should handle XML validation warnings gracefully","duration":3.319494999999961,"failureMessages":[],"meta":{}},{"ancestorTitles":["useChapter","edge cases"],"fullName":"useChapter edge cases should not update dialog if chapter is null","status":"passed","title":"should not update dialog if chapter is null","duration":1.9245780000001105,"failureMessages":[],"meta":{}},{"ancestorTitles":["useChapter","edge cases"],"fullName":"useChapter edge cases should flag missing voice-sample file on load","status":"passed","title":"should flag missing voice-sample file on load","duration":4.56819900000005,"failureMessages":[],"meta":{}}],"startTime":1773206804218,"endTime":1773206804360.568,"status":"passed","message":"","name":"/home/dsidlo/workspace/FlexiTTS/src/ui/src/__tests__/useChapter.test.ts"}]}