{"numTotalTestSuites":100,"numPassedTestSuites":100,"numFailedTestSuites":0,"numPendingTestSuites":0,"numTotalTests":239,"numPassedTests":239,"numFailedTests":0,"numPendingTests":0,"numTodoTests":0,"snapshot":{"added":0,"failure":false,"filesAdded":0,"filesRemoved":0,"filesRemovedList":[],"filesUnmatched":0,"filesUpdated":0,"matched":2,"total":2,"unchecked":0,"uncheckedKeysByFile":[],"unmatched":0,"updated":0,"didUpdate":false},"startTime":1786491358027,"success":true,"testResults":[{"assertionResults":[{"ancestorTitles":["AlertContainer","rendering"],"fullName":"AlertContainer rendering should return null when no alerts are provided","status":"passed","title":"should return null when no alerts are provided","duration":17.432145999999875,"failureMessages":[],"meta":{}},{"ancestorTitles":["AlertContainer","rendering"],"fullName":"AlertContainer rendering should return null with empty array","status":"passed","title":"should return null with empty array","duration":2.135723999999982,"failureMessages":[],"meta":{}},{"ancestorTitles":["AlertContainer","rendering"],"fullName":"AlertContainer rendering should render single alert","status":"passed","title":"should render single alert","duration":81.63736999999992,"failureMessages":[],"meta":{}},{"ancestorTitles":["AlertContainer","rendering"],"fullName":"AlertContainer rendering should render multiple alerts","status":"passed","title":"should render multiple alerts","duration":16.74376600000005,"failureMessages":[],"meta":{}},{"ancestorTitles":["AlertContainer","rendering"],"fullName":"AlertContainer rendering should render alerts in correct order","status":"passed","title":"should render alerts in correct order","duration":14.769105999999965,"failureMessages":[],"meta":{}},{"ancestorTitles":["AlertContainer","styling"],"fullName":"AlertContainer styling should have fixed positioning container","status":"passed","title":"should have fixed positioning container","duration":3.290744999999788,"failureMessages":[],"meta":{}},{"ancestorTitles":["AlertContainer","styling"],"fullName":"AlertContainer styling should have pointer-events none on container","status":"passed","title":"should have pointer-events none on container","duration":3.204181999999946,"failureMessages":[],"meta":{}},{"ancestorTitles":["AlertContainer","styling"],"fullName":"AlertContainer styling should have high z-index","status":"passed","title":"should have high z-index","duration":2.6354519999999866,"failureMessages":[],"meta":{}},{"ancestorTitles":["AlertContainer","styling"],"fullName":"AlertContainer styling should render as flex column","status":"passed","title":"should render as flex column","duration":3.0494900000001053,"failureMessages":[],"meta":{}},{"ancestorTitles":["AlertContainer","alert types"],"fullName":"AlertContainer alert types should render info alert","status":"passed","title":"should render info alert","duration":3.304253000000017,"failureMessages":[],"meta":{}},{"ancestorTitles":["AlertContainer","alert types"],"fullName":"AlertContainer alert types should render success alert","status":"passed","title":"should render success alert","duration":4.224672000000055,"failureMessages":[],"meta":{}},{"ancestorTitles":["AlertContainer","alert types"],"fullName":"AlertContainer alert types should render warning alert","status":"passed","title":"should render warning alert","duration":3.668132000000014,"failureMessages":[],"meta":{}},{"ancestorTitles":["AlertContainer","alert types"],"fullName":"AlertContainer alert types should render error alert","status":"passed","title":"should render error alert","duration":2.8630329999998594,"failureMessages":[],"meta":{}},{"ancestorTitles":["AlertContainer","alert sources"],"fullName":"AlertContainer alert sources should render internal alerts","status":"passed","title":"should render internal alerts","duration":3.0908979999999247,"failureMessages":[],"meta":{}},{"ancestorTitles":["AlertContainer","alert sources"],"fullName":"AlertContainer alert sources should render tts-service alerts","status":"passed","title":"should render tts-service alerts","duration":2.0752310000000307,"failureMessages":[],"meta":{}},{"ancestorTitles":["AlertContainer","dismiss handling"],"fullName":"AlertContainer dismiss handling should pass onDismiss to AlertToast","status":"passed","title":"should pass onDismiss to AlertToast","duration":9.910448000000088,"failureMessages":[],"meta":{}},{"ancestorTitles":["AlertContainer","dismiss handling"],"fullName":"AlertContainer dismiss handling should handle multiple alerts with same onDismiss","status":"passed","title":"should handle multiple alerts with same onDismiss","duration":12.11556900000005,"failureMessages":[],"meta":{}},{"ancestorTitles":["AlertContainer","edge cases"],"fullName":"AlertContainer edge cases should handle alerts with very long messages","status":"passed","title":"should handle alerts with very long messages","duration":9.52869099999998,"failureMessages":[],"meta":{}},{"ancestorTitles":["AlertContainer","edge cases"],"fullName":"AlertContainer edge cases should handle alerts with special characters","status":"passed","title":"should handle alerts with special characters","duration":4.4137490000000525,"failureMessages":[],"meta":{}},{"ancestorTitles":["AlertContainer","edge cases"],"fullName":"AlertContainer edge cases should re-render when alerts prop changes","status":"passed","title":"should re-render when alerts prop changes","duration":10.043204999999944,"failureMessages":[],"meta":{}},{"ancestorTitles":["AlertContainer","edge cases"],"fullName":"AlertContainer edge cases should handle rapid alert updates","status":"passed","title":"should handle rapid alert updates","duration":12.995145000000093,"failureMessages":[],"meta":{}}],"startTime":1786491359333,"endTime":1786491359556.995,"status":"passed","message":"","name":"/home/dsidlo/workspace/FlexiTTS/src/ui/src/__tests__/AlertContainer.test.tsx"},{"assertionResults":[{"ancestorTitles":["AlertToast","rendering"],"fullName":"AlertToast rendering should render alert message","status":"passed","title":"should render alert message","duration":73.12732400000004,"failureMessages":[],"meta":{}},{"ancestorTitles":["AlertToast","rendering"],"fullName":"AlertToast rendering should render source label for internal alerts","status":"passed","title":"should render source label for internal alerts","duration":7.099531999999954,"failureMessages":[],"meta":{}},{"ancestorTitles":["AlertToast","rendering"],"fullName":"AlertToast rendering should render source label for tts-service alerts","status":"passed","title":"should render source label for tts-service alerts","duration":7.413663999999926,"failureMessages":[],"meta":{}},{"ancestorTitles":["AlertToast","rendering"],"fullName":"AlertToast rendering should render close button","status":"passed","title":"should render close button","duration":6.789320000000089,"failureMessages":[],"meta":{}},{"ancestorTitles":["AlertToast","rendering"],"fullName":"AlertToast rendering should render icon","status":"passed","title":"should render icon","duration":5.76790300000016,"failureMessages":[],"meta":{}},{"ancestorTitles":["AlertToast","alert types styling"],"fullName":"AlertToast alert types styling should render info type with correct icon","status":"passed","title":"should render info type with correct icon","duration":4.508749999999964,"failureMessages":[],"meta":{}},{"ancestorTitles":["AlertToast","alert types styling"],"fullName":"AlertToast alert types styling should render success type with checkmark icon","status":"passed","title":"should render success type with checkmark icon","duration":4.925672999999961,"failureMessages":[],"meta":{}},{"ancestorTitles":["AlertToast","alert types styling"],"fullName":"AlertToast alert types styling should render warning type with warning icon","status":"passed","title":"should render warning type with warning icon","duration":4.693477999999914,"failureMessages":[],"meta":{}},{"ancestorTitles":["AlertToast","alert types styling"],"fullName":"AlertToast alert types styling should render error type with error icon","status":"passed","title":"should render error type with error icon","duration":6.292793999999958,"failureMessages":[],"meta":{}},{"ancestorTitles":["AlertToast","auto-dismiss"],"fullName":"AlertToast auto-dismiss should setup auto-dismiss timer","status":"passed","title":"should setup auto-dismiss timer","duration":23.538725999999997,"failureMessages":[],"meta":{}},{"ancestorTitles":["AlertToast","auto-dismiss"],"fullName":"AlertToast auto-dismiss should respect custom duration prop","status":"passed","title":"should respect custom duration prop","duration":7.373919999999998,"failureMessages":[],"meta":{}},{"ancestorTitles":["AlertToast","auto-dismiss"],"fullName":"AlertToast auto-dismiss should use default duration when not specified","status":"passed","title":"should use default duration when not specified","duration":6.325644000000011,"failureMessages":[],"meta":{}},{"ancestorTitles":["AlertToast","manual dismiss"],"fullName":"AlertToast manual dismiss should dismiss when clicking alert","status":"passed","title":"should dismiss when clicking alert","duration":9.091957999999977,"failureMessages":[],"meta":{}},{"ancestorTitles":["AlertToast","manual dismiss"],"fullName":"AlertToast manual dismiss should dismiss when clicking close button","status":"passed","title":"should dismiss when clicking close button","duration":5.310420000000022,"failureMessages":[],"meta":{}},{"ancestorTitles":["AlertToast","manual dismiss"],"fullName":"AlertToast manual dismiss should have dismiss button","status":"passed","title":"should have dismiss button","duration":3.5111729999998715,"failureMessages":[],"meta":{}},{"ancestorTitles":["AlertToast","animation"],"fullName":"AlertToast animation should start with animation","status":"passed","title":"should start with animation","duration":6.197092999999995,"failureMessages":[],"meta":{}},{"ancestorTitles":["AlertToast","cleanup"],"fullName":"AlertToast cleanup should clear timeout on unmount","status":"passed","title":"should clear timeout on unmount","duration":6.122174000000086,"failureMessages":[],"meta":{}},{"ancestorTitles":["AlertToast","edge cases"],"fullName":"AlertToast edge cases should handle very long messages","status":"passed","title":"should handle very long messages","duration":6.304255000000012,"failureMessages":[],"meta":{}},{"ancestorTitles":["AlertToast","edge cases"],"fullName":"AlertToast edge cases should handle empty message","status":"passed","title":"should handle empty message","duration":14.065972000000102,"failureMessages":[],"meta":{}},{"ancestorTitles":["AlertToast","edge cases"],"fullName":"AlertToast edge cases should handle special characters in message","status":"passed","title":"should handle special characters in message","duration":15.856581000000006,"failureMessages":[],"meta":{}},{"ancestorTitles":["AlertToast","edge cases"],"fullName":"AlertToast edge cases should have aria-label for accessibility","status":"passed","title":"should have aria-label for accessibility","duration":6.671616999999969,"failureMessages":[],"meta":{}},{"ancestorTitles":["AlertToast","edge cases"],"fullName":"AlertToast edge cases should have role alert for accessibility","status":"passed","title":"should have role alert for accessibility","duration":7.697792000000163,"failureMessages":[],"meta":{}}],"startTime":1786491359334,"endTime":1786491359573.6978,"status":"passed","message":"","name":"/home/dsidlo/workspace/FlexiTTS/src/ui/src/__tests__/AlertToast.test.tsx"},{"assertionResults":[{"ancestorTitles":["App","initialization"],"fullName":"App initialization should show loading screen initially","status":"passed","title":"should show loading screen initially","duration":50.838179999999966,"failureMessages":[],"meta":{}},{"ancestorTitles":["App","initialization"],"fullName":"App initialization should show error on initialization failure","status":"passed","title":"should show error on initialization failure","duration":21.7860740000001,"failureMessages":[],"meta":{}},{"ancestorTitles":["App","initialization"],"fullName":"App initialization should load initial chapter after mounting","status":"passed","title":"should load initial chapter after mounting","duration":39.16734100000008,"failureMessages":[],"meta":{}},{"ancestorTitles":["App","initialization"],"fullName":"App initialization should display chapter data after load","status":"passed","title":"should display chapter data after load","duration":12.04389399999991,"failureMessages":[],"meta":{}},{"ancestorTitles":["App","context menu"],"fullName":"App context menu should show context menu on right click","status":"passed","title":"should show context menu on right click","duration":23.16904599999998,"failureMessages":[],"meta":{}},{"ancestorTitles":["App","context menu"],"fullName":"App context menu should close menu on click elsewhere","status":"passed","title":"should close menu on click elsewhere","duration":21.113775000000032,"failureMessages":[],"meta":{}},{"ancestorTitles":["App","save functionality"],"fullName":"App save functionality should trigger save when save button is clicked","status":"passed","title":"should trigger save when save button is clicked","duration":12.342807999999877,"failureMessages":[],"meta":{}},{"ancestorTitles":["App","editor mode"],"fullName":"App editor mode should toggle editor mode","status":"passed","title":"should toggle editor mode","duration":7.473795000000109,"failureMessages":[],"meta":{}},{"ancestorTitles":["App","editor mode"],"fullName":"App editor mode should show markdown editor when in editor mode","status":"passed","title":"should show markdown editor when in editor mode","duration":15.85903600000006,"failureMessages":[],"meta":{}},{"ancestorTitles":["App","chapter loading with XML generation"],"fullName":"App chapter loading with XML generation should run pipeline when XML does not exist","status":"passed","title":"should run pipeline when XML does not exist","duration":2010.458757,"failureMessages":[],"meta":{}},{"ancestorTitles":["App","chapter loading with XML generation"],"fullName":"App chapter loading with XML generation should show error when pipeline fails","status":"passed","title":"should show error when pipeline fails","duration":6.230356000000029,"failureMessages":[],"meta":{}},{"ancestorTitles":["App","unsaved changes handling"],"fullName":"App unsaved changes handling should show confirmation when switching chapters with unsaved changes","status":"passed","title":"should show confirmation when switching chapters with unsaved changes","duration":6.002672999999959,"failureMessages":[],"meta":{}},{"ancestorTitles":["App","window resize"],"fullName":"App window resize should handle window resize","status":"passed","title":"should handle window resize","duration":13.814889000000221,"failureMessages":[],"meta":{}},{"ancestorTitles":["App","story selection integration"],"fullName":"App story selection integration should initialize with default story when no current story set","status":"passed","title":"should initialize with default story when no current story set","duration":12.000262999999904,"failureMessages":[],"meta":{}},{"ancestorTitles":["App","story selection integration"],"fullName":"App story selection integration should load current story from main process on init","status":"passed","title":"should load current story from main process on init","duration":6.893978999999945,"failureMessages":[],"meta":{}},{"ancestorTitles":["App","story selection integration"],"fullName":"App story selection integration should reload config when story changes","status":"passed","title":"should reload config when story changes","duration":14.688594999999623,"failureMessages":[],"meta":{}},{"ancestorTitles":["App","story selection integration"],"fullName":"App story selection integration should handle story selection error gracefully","status":"passed","title":"should handle story selection error gracefully","duration":6.922484000000168,"failureMessages":[],"meta":{}},{"ancestorTitles":["App","story selection integration"],"fullName":"App story selection integration should support story-specific chapter listing","status":"passed","title":"should support story-specific chapter listing","duration":5.932420999999977,"failureMessages":[],"meta":{}},{"ancestorTitles":["App","story selection integration"],"fullName":"App story selection integration should support story-specific XML existence check","status":"passed","title":"should support story-specific XML existence check","duration":4.266823999999815,"failureMessages":[],"meta":{}},{"ancestorTitles":["App","story selection integration"],"fullName":"App story selection integration should persist current story in main process","status":"passed","title":"should persist current story in main process","duration":6.402919999999995,"failureMessages":[],"meta":{}}],"startTime":1786491359623,"endTime":1786491361921.4028,"status":"passed","message":"","name":"/home/dsidlo/workspace/FlexiTTS/src/ui/src/__tests__/App.test.tsx"},{"assertionResults":[{"ancestorTitles":["DialogBar validation rendering"],"fullName":"DialogBar validation rendering shows validation marker after character change updates parent dialog prop","status":"passed","title":"shows validation marker after character change updates parent dialog prop","duration":137.78092500000002,"failureMessages":[],"meta":{}}],"startTime":1786491359503,"endTime":1786491359640.781,"status":"passed","message":"","name":"/home/dsidlo/workspace/FlexiTTS/src/ui/src/__tests__/DialogBar.validation.test.tsx"},{"assertionResults":[{"ancestorTitles":["StoryDropdown","initialization"],"fullName":"StoryDropdown initialization should show loading state initially","status":"passed","title":"should show loading state initially","duration":50.11073499999998,"failureMessages":[],"meta":{}},{"ancestorTitles":["StoryDropdown","initialization"],"fullName":"StoryDropdown initialization should load stories on mount via IPC","status":"passed","title":"should load stories on mount via IPC","duration":14.912102000000004,"failureMessages":[],"meta":{}},{"ancestorTitles":["StoryDropdown","initialization"],"fullName":"StoryDropdown initialization should use mock data when window.api is not available","status":"passed","title":"should use mock data when window.api is not available","duration":45.91077900000005,"failureMessages":[],"meta":{}},{"ancestorTitles":["StoryDropdown","story selection"],"fullName":"StoryDropdown story selection should render with \"All Stories\" as default","status":"passed","title":"should render with \"All Stories\" as default","duration":14.075125000000071,"failureMessages":[],"meta":{}},{"ancestorTitles":["StoryDropdown","story selection"],"fullName":"StoryDropdown story selection should render all story options","status":"passed","title":"should render all story options","duration":16.20721400000002,"failureMessages":[],"meta":{}},{"ancestorTitles":["StoryDropdown","story selection"],"fullName":"StoryDropdown story selection should call onStorySelect when a story is selected","status":"passed","title":"should call onStorySelect when a story is selected","duration":9.376412999999957,"failureMessages":[],"meta":{}},{"ancestorTitles":["StoryDropdown","story selection"],"fullName":"StoryDropdown story selection should call onStorySelect with null when \"All Stories\" is selected","status":"passed","title":"should call onStorySelect with null when \"All Stories\" is selected","duration":8.263822000000118,"failureMessages":[],"meta":{}},{"ancestorTitles":["StoryDropdown","story selection"],"fullName":"StoryDropdown story selection should display the currently selected story","status":"passed","title":"should display the currently selected story","duration":7.778360999999904,"failureMessages":[],"meta":{}},{"ancestorTitles":["StoryDropdown","error handling"],"fullName":"StoryDropdown error handling should handle empty response","status":"passed","title":"should handle empty response","duration":6.551825999999892,"failureMessages":[],"meta":{}},{"ancestorTitles":["StoryDropdown","accessibility"],"fullName":"StoryDropdown accessibility should have a title attribute for tooltip","status":"passed","title":"should have a title attribute for tooltip","duration":6.094820000000027,"failureMessages":[],"meta":{}},{"ancestorTitles":["StoryDropdown","accessibility"],"fullName":"StoryDropdown accessibility should be accessible via keyboard navigation","status":"passed","title":"should be accessible via keyboard navigation","duration":5.038381999999956,"failureMessages":[],"meta":{}},{"ancestorTitles":["StoryDropdown","story filtering"],"fullName":"StoryDropdown story filtering should handle stories with special characters in names","status":"passed","title":"should handle stories with special characters in names","duration":9.98419899999999,"failureMessages":[],"meta":{}},{"ancestorTitles":["StoryDropdown","story filtering"],"fullName":"StoryDropdown story filtering should handle very long story names","status":"passed","title":"should handle very long story names","duration":6.731698999999935,"failureMessages":[],"meta":{}}],"startTime":1786491359591,"endTime":1786491359792.7317,"status":"passed","message":"","name":"/home/dsidlo/workspace/FlexiTTS/src/ui/src/__tests__/StoryDropdown.test.tsx"},{"assertionResults":[{"ancestorTitles":["AlertService","singleton pattern"],"fullName":"AlertService singleton pattern should return same instance","status":"passed","title":"should return same instance","duration":1.8728449999998702,"failureMessages":[],"meta":{}},{"ancestorTitles":["AlertService","singleton pattern"],"fullName":"AlertService singleton pattern should exported singleton match getInstance","status":"passed","title":"should exported singleton match getInstance","duration":0.28593100000011873,"failureMessages":[],"meta":{}},{"ancestorTitles":["AlertService","subscribe/unsubscribe"],"fullName":"AlertService subscribe/unsubscribe should subscribe listener","status":"passed","title":"should subscribe listener","duration":0.5973719999999503,"failureMessages":[],"meta":{}},{"ancestorTitles":["AlertService","subscribe/unsubscribe"],"fullName":"AlertService subscribe/unsubscribe should return unsubscribe function","status":"passed","title":"should return unsubscribe function","duration":0.22555799999986448,"failureMessages":[],"meta":{}},{"ancestorTitles":["AlertService","subscribe/unsubscribe"],"fullName":"AlertService subscribe/unsubscribe should unsubscribe listener","status":"passed","title":"should unsubscribe listener","duration":0.25923499999998967,"failureMessages":[],"meta":{}},{"ancestorTitles":["AlertService","subscribe/unsubscribe"],"fullName":"AlertService subscribe/unsubscribe should support multiple listeners","status":"passed","title":"should support multiple listeners","duration":1.53396900000007,"failureMessages":[],"meta":{}},{"ancestorTitles":["AlertService","subscribe/unsubscribe"],"fullName":"AlertService subscribe/unsubscribe should handle listener errors gracefully","status":"passed","title":"should handle listener errors gracefully","duration":6.196322000000009,"failureMessages":[],"meta":{}},{"ancestorTitles":["AlertService","alert types"],"fullName":"AlertService alert types should emit info alert with correct parameters","status":"passed","title":"should emit info alert with correct parameters","duration":1.2177500000000236,"failureMessages":[],"meta":{}},{"ancestorTitles":["AlertService","alert types"],"fullName":"AlertService alert types should emit success alert with correct parameters","status":"passed","title":"should emit success alert with correct parameters","duration":0.7542390000000978,"failureMessages":[],"meta":{}},{"ancestorTitles":["AlertService","alert types"],"fullName":"AlertService alert types should emit warning alert with correct parameters","status":"passed","title":"should emit warning alert with correct parameters","duration":0.789482999999791,"failureMessages":[],"meta":{}},{"ancestorTitles":["AlertService","alert types"],"fullName":"AlertService alert types should emit error alert with correct parameters","status":"passed","title":"should emit error alert with correct parameters","duration":0.7172669999999925,"failureMessages":[],"meta":{}},{"ancestorTitles":["AlertService","alert types"],"fullName":"AlertService alert types should support generic alert method","status":"passed","title":"should support generic alert method","duration":0.6942149999999856,"failureMessages":[],"meta":{}},{"ancestorTitles":["AlertService","custom durations"],"fullName":"AlertService custom durations should support custom duration for info","status":"passed","title":"should support custom duration for info","duration":0.6852180000000772,"failureMessages":[],"meta":{}},{"ancestorTitles":["AlertService","custom durations"],"fullName":"AlertService custom durations should support custom duration for success","status":"passed","title":"should support custom duration for success","duration":0.6269589999999425,"failureMessages":[],"meta":{}},{"ancestorTitles":["AlertService","custom durations"],"fullName":"AlertService custom durations should support custom duration for warning","status":"passed","title":"should support custom duration for warning","duration":0.7179300000000239,"failureMessages":[],"meta":{}},{"ancestorTitles":["AlertService","custom durations"],"fullName":"AlertService custom durations should support custom duration for error","status":"passed","title":"should support custom duration for error","duration":0.7072290000000976,"failureMessages":[],"meta":{}},{"ancestorTitles":["AlertService","custom durations"],"fullName":"AlertService custom durations should use defaults for generic alert","status":"passed","title":"should use defaults for generic alert","duration":0.6933109999999942,"failureMessages":[],"meta":{}},{"ancestorTitles":["AlertService","convenience exports"],"fullName":"AlertService convenience exports should expose alerts.info","status":"passed","title":"should expose alerts.info","duration":0.6662349999999151,"failureMessages":[],"meta":{}},{"ancestorTitles":["AlertService","convenience exports"],"fullName":"AlertService convenience exports should expose alerts.success","status":"passed","title":"should expose alerts.success","duration":0.7118940000000293,"failureMessages":[],"meta":{}},{"ancestorTitles":["AlertService","convenience exports"],"fullName":"AlertService convenience exports should expose alerts.warning","status":"passed","title":"should expose alerts.warning","duration":0.6152039999999488,"failureMessages":[],"meta":{}},{"ancestorTitles":["AlertService","convenience exports"],"fullName":"AlertService convenience exports should expose alerts.error","status":"passed","title":"should expose alerts.error","duration":0.5085189999999784,"failureMessages":[],"meta":{}},{"ancestorTitles":["AlertService","convenience exports"],"fullName":"AlertService convenience exports should expose alerts.alert","status":"passed","title":"should expose alerts.alert","duration":0.5574199999998655,"failureMessages":[],"meta":{}},{"ancestorTitles":["AlertService","default durations"],"fullName":"AlertService default durations should default info to 3000ms","status":"passed","title":"should default info to 3000ms","duration":0.45057900000006157,"failureMessages":[],"meta":{}},{"ancestorTitles":["AlertService","default durations"],"fullName":"AlertService default durations should default success to 3000ms","status":"passed","title":"should default success to 3000ms","duration":0.499800999999934,"failureMessages":[],"meta":{}},{"ancestorTitles":["AlertService","default durations"],"fullName":"AlertService default durations should default warning to 4000ms","status":"passed","title":"should default warning to 4000ms","duration":0.46641999999997097,"failureMessages":[],"meta":{}},{"ancestorTitles":["AlertService","default durations"],"fullName":"AlertService default durations should default error to 6000ms","status":"passed","title":"should default error to 6000ms","duration":0.6022609999999986,"failureMessages":[],"meta":{}}],"startTime":1786491359237,"endTime":1786491359261.6023,"status":"passed","message":"","name":"/home/dsidlo/workspace/FlexiTTS/src/ui/src/__tests__/alertService.test.ts"},{"assertionResults":[{"ancestorTitles":["chapterService","wrapText"],"fullName":"chapterService wrapText should wrap text at word boundaries","status":"passed","title":"should wrap text at word boundaries","duration":1.341963000000078,"failureMessages":[],"meta":{}},{"ancestorTitles":["chapterService","wrapText"],"fullName":"chapterService wrapText should handle short text without wrapping","status":"passed","title":"should handle short text without wrapping","duration":0.2357719999999972,"failureMessages":[],"meta":{}},{"ancestorTitles":["chapterService","wrapText"],"fullName":"chapterService wrapText should apply indentation to wrapped lines","status":"passed","title":"should apply indentation to wrapped lines","duration":0.31213499999989835,"failureMessages":[],"meta":{}},{"ancestorTitles":["chapterService","wrapText"],"fullName":"chapterService wrapText should handle empty text","status":"passed","title":"should handle empty text","duration":0.1846140000000105,"failureMessages":[],"meta":{}},{"ancestorTitles":["chapterService","getRootNodeName"],"fullName":"chapterService getRootNodeName should return \"story\" for Story-Entanglement files","status":"passed","title":"should return \"story\" for Story-Entanglement files","duration":0.15865800000005947,"failureMessages":[],"meta":{}},{"ancestorTitles":["chapterService","getRootNodeName"],"fullName":"chapterService getRootNodeName should return \"chapter\" for other files","status":"passed","title":"should return \"chapter\" for other files","duration":0.1332209999998213,"failureMessages":[],"meta":{}},{"ancestorTitles":["chapterService","buildAttributeString"],"fullName":"chapterService buildAttributeString should filter out structural attributes","status":"passed","title":"should filter out structural attributes","duration":0.4491410000000542,"failureMessages":[],"meta":{}},{"ancestorTitles":["chapterService","buildAttributeString"],"fullName":"chapterService buildAttributeString should return empty string for no valid attributes","status":"passed","title":"should return empty string for no valid attributes","duration":0.17735900000002403,"failureMessages":[],"meta":{}},{"ancestorTitles":["chapterService","getNodeName"],"fullName":"chapterService getNodeName should return \"narration\" for Narrator in story format","status":"passed","title":"should return \"narration\" for Narrator in story format","duration":0.203164999999899,"failureMessages":[],"meta":{}},{"ancestorTitles":["chapterService","getNodeName"],"fullName":"chapterService getNodeName should return \"dialog\" for other characters in story format","status":"passed","title":"should return \"dialog\" for other characters in story format","duration":0.1574839999998403,"failureMessages":[],"meta":{}},{"ancestorTitles":["chapterService","getNodeName"],"fullName":"chapterService getNodeName should return \"dialog\" for all characters in chapter format","status":"passed","title":"should return \"dialog\" for all characters in chapter format","duration":0.09123299999987466,"failureMessages":[],"meta":{}},{"ancestorTitles":["chapterService","getIdKey"],"fullName":"chapterService getIdKey should always return \"dlgseq\"","status":"passed","title":"should always return \"dlgseq\"","duration":0.10441599999990103,"failureMessages":[],"meta":{}},{"ancestorTitles":["chapterService","generateXMLFromChapter"],"fullName":"chapterService generateXMLFromChapter should generate basic chapter XML","status":"passed","title":"should generate basic chapter XML","duration":0.4302310000000489,"failureMessages":[],"meta":{}},{"ancestorTitles":["chapterService","generateXMLFromChapter"],"fullName":"chapterService generateXMLFromChapter should generate story format XML for Story-Entanglement files","status":"passed","title":"should generate story format XML for Story-Entanglement files","duration":0.23693500000013046,"failureMessages":[],"meta":{}},{"ancestorTitles":["chapterService","generateXMLFromChapter"],"fullName":"chapterService generateXMLFromChapter should include character attribute for non-narrator dialogs","status":"passed","title":"should include character attribute for non-narrator dialogs","duration":0.12404500000002372,"failureMessages":[],"meta":{}},{"ancestorTitles":["chapterService","generateXMLFromChapter"],"fullName":"chapterService generateXMLFromChapter should wrap dialogs in sections for story format","status":"passed","title":"should wrap dialogs in sections for story format","duration":0.19686699999988377,"failureMessages":[],"meta":{}},{"ancestorTitles":["chapterService","generateXMLFromChapter"],"fullName":"chapterService generateXMLFromChapter should use narration node for Narrator in story format","status":"passed","title":"should use narration node for Narrator in story format","duration":0.169495999999981,"failureMessages":[],"meta":{}},{"ancestorTitles":["chapterService","generateXMLFromChapter"],"fullName":"chapterService generateXMLFromChapter should preserve custom attributes","status":"passed","title":"should preserve custom attributes","duration":0.13934500000004846,"failureMessages":[],"meta":{}},{"ancestorTitles":["chapterService","generateXMLFromChapter"],"fullName":"chapterService generateXMLFromChapter should wrap long text content","status":"passed","title":"should wrap long text content","duration":0.24619300000017574,"failureMessages":[],"meta":{}},{"ancestorTitles":["chapterService","generateXMLFromChapter"],"fullName":"chapterService generateXMLFromChapter should match snapshot for basic chapter","status":"passed","title":"should match snapshot for basic chapter","duration":1.5234709999999723,"failureMessages":[],"meta":{}},{"ancestorTitles":["chapterService","generateXMLFromChapter"],"fullName":"chapterService generateXMLFromChapter should match snapshot for story format","status":"passed","title":"should match snapshot for story format","duration":0.35184700000013436,"failureMessages":[],"meta":{}}],"startTime":1786491359228,"endTime":1786491359235.5234,"status":"passed","message":"","name":"/home/dsidlo/workspace/FlexiTTS/src/ui/src/__tests__/chapterService.test.ts"},{"assertionResults":[{"ancestorTitles":["validateChapterDialogs"],"fullName":"validateChapterDialogs flags missing character","status":"passed","title":"flags missing character","duration":4.662533000000167,"failureMessages":[],"meta":{}},{"ancestorTitles":["validateChapterDialogs"],"fullName":"validateChapterDialogs flags invalid custom voice speaker","status":"passed","title":"flags invalid custom voice speaker","duration":1.8944469999999,"failureMessages":[],"meta":{}},{"ancestorTitles":["validateChapterDialogs"],"fullName":"validateChapterDialogs flags missing voice sample","status":"passed","title":"flags missing voice sample","duration":0.8159029999999348,"failureMessages":[],"meta":{}},{"ancestorTitles":["validateChapterDialogs"],"fullName":"validateChapterDialogs flags missing voice sample file","status":"passed","title":"flags missing voice sample file","duration":3.0786239999999907,"failureMessages":[],"meta":{}},{"ancestorTitles":["validateChapterDialogs"],"fullName":"validateChapterDialogs resolves voice samples relative to the story voices directory","status":"passed","title":"resolves voice samples relative to the story voices directory","duration":1.6358479999998963,"failureMessages":[],"meta":{}},{"ancestorTitles":["validateChapterDialogs"],"fullName":"validateChapterDialogs flags undefined named dialog-effects on characters in a single issue","status":"passed","title":"flags undefined named dialog-effects on characters in a single issue","duration":1.316473999999971,"failureMessages":[],"meta":{}},{"ancestorTitles":["validateChapterDialogs"],"fullName":"validateChapterDialogs flags invalid dialog-effects even when a normalized voice-sample path exists","status":"passed","title":"flags invalid dialog-effects even when a normalized voice-sample path exists","duration":1.1450219999999263,"failureMessages":[],"meta":{}},{"ancestorTitles":["validateChapterDialogs"],"fullName":"validateChapterDialogs accepts multiple valid named dialog-effects on characters","status":"passed","title":"accepts multiple valid named dialog-effects on characters","duration":0.6715509999999085,"failureMessages":[],"meta":{}},{"ancestorTitles":["validateChapterDialogs"],"fullName":"validateChapterDialogs accepts valid custom voice","status":"passed","title":"accepts valid custom voice","duration":0.5799669999998969,"failureMessages":[],"meta":{}}],"startTime":1786491359216,"endTime":1786491359232.58,"status":"passed","message":"","name":"/home/dsidlo/workspace/FlexiTTS/src/ui/src/__tests__/dialogValidation.test.ts"},{"assertionResults":[{"ancestorTitles":["electron shutdown TTS handling"],"fullName":"electron shutdown TTS handling gracefully stops TTS service before exit when PID disappears within 3 seconds","status":"passed","title":"gracefully stops TTS service before exit when PID disappears within 3 seconds","duration":109.98997499999996,"failureMessages":[],"meta":{}},{"ancestorTitles":["electron shutdown TTS handling"],"fullName":"electron shutdown TTS handling escalates to force kill and shows modal when TTS service still survives","status":"passed","title":"escalates to force kill and shows modal when TTS service still survives","duration":44.28434500000003,"failureMessages":[],"meta":{}}],"startTime":1786491359202,"endTime":1786491359356.2844,"status":"passed","message":"","name":"/home/dsidlo/workspace/FlexiTTS/src/ui/src/__tests__/electron.main.shutdown.test.ts"},{"assertionResults":[{"ancestorTitles":["services/index exports"],"fullName":"services/index exports should export AlertService","status":"passed","title":"should export AlertService","duration":79.76441999999997,"failureMessages":[],"meta":{}},{"ancestorTitles":["services/index exports"],"fullName":"services/index exports should export alertService singleton","status":"passed","title":"should export alertService singleton","duration":0.6598999999998796,"failureMessages":[],"meta":{}},{"ancestorTitles":["services/index exports"],"fullName":"services/index exports should export alerts convenience functions","status":"passed","title":"should export alerts convenience functions","duration":4.766915000000154,"failureMessages":[],"meta":{}},{"ancestorTitles":["services/index exports"],"fullName":"services/index exports should export chapterService functions","status":"passed","title":"should export chapterService functions","duration":0.6079319999998916,"failureMessages":[],"meta":{}},{"ancestorTitles":["services/index exports"],"fullName":"services/index exports should export types","status":"passed","title":"should export types","duration":0.41136699999992743,"failureMessages":[],"meta":{}},{"ancestorTitles":["services/index exports"],"fullName":"services/index exports should maintain singleton pattern through module exports","status":"passed","title":"should maintain singleton pattern through module exports","duration":0.3120969999999943,"failureMessages":[],"meta":{}},{"ancestorTitles":["chapterService exports through index"],"fullName":"chapterService exports through index should export wrapText function","status":"passed","title":"should export wrapText function","duration":0.5697119999999813,"failureMessages":[],"meta":{}},{"ancestorTitles":["chapterService exports through index"],"fullName":"chapterService exports through index should export getRootNodeName function","status":"passed","title":"should export getRootNodeName function","duration":0.3234019999999873,"failureMessages":[],"meta":{}},{"ancestorTitles":["chapterService exports through index"],"fullName":"chapterService exports through index should export buildAttributeString function","status":"passed","title":"should export buildAttributeString function","duration":0.4041030000000774,"failureMessages":[],"meta":{}},{"ancestorTitles":["chapterService exports through index"],"fullName":"chapterService exports through index should export getNodeName function","status":"passed","title":"should export getNodeName function","duration":0.40244400000005953,"failureMessages":[],"meta":{}},{"ancestorTitles":["chapterService exports through index"],"fullName":"chapterService exports through index should export getIdKey function","status":"passed","title":"should export getIdKey function","duration":0.20671199999992496,"failureMessages":[],"meta":{}}],"startTime":1786491359144,"endTime":1786491359233.2068,"status":"passed","message":"","name":"/home/dsidlo/workspace/FlexiTTS/src/ui/src/__tests__/services.index.test.ts"},{"assertionResults":[{"ancestorTitles":["useAudio","initial state"],"fullName":"useAudio initial state should initialize with empty clips and no audio","status":"passed","title":"should initialize with empty clips and no audio","duration":17.538342000000057,"failureMessages":[],"meta":{}},{"ancestorTitles":["useAudio","state setters"],"fullName":"useAudio state setters should set available clips","status":"passed","title":"should set available clips","duration":4.172649999999976,"failureMessages":[],"meta":{}},{"ancestorTitles":["useAudio","state setters"],"fullName":"useAudio state setters should set chapter audio status","status":"passed","title":"should set chapter audio status","duration":3.6803890000001047,"failureMessages":[],"meta":{}},{"ancestorTitles":["useAudio","refreshClips"],"fullName":"useAudio refreshClips should fetch and set clips for chapter","status":"passed","title":"should fetch and set clips for chapter","duration":3.943369000000075,"failureMessages":[],"meta":{}},{"ancestorTitles":["useAudio","refreshClips"],"fullName":"useAudio refreshClips should handle empty chapter file gracefully","status":"passed","title":"should handle empty chapter file gracefully","duration":2.3888950000000477,"failureMessages":[],"meta":{}},{"ancestorTitles":["useAudio","refreshClips"],"fullName":"useAudio refreshClips should handle errors gracefully","status":"passed","title":"should handle errors gracefully","duration":1.7721540000000005,"failureMessages":[],"meta":{}},{"ancestorTitles":["useAudio","checkAudioStatus"],"fullName":"useAudio checkAudioStatus should check and set audio status","status":"passed","title":"should check and set audio status","duration":2.273815999999897,"failureMessages":[],"meta":{}},{"ancestorTitles":["useAudio","checkAudioStatus"],"fullName":"useAudio checkAudioStatus should handle check errors","status":"passed","title":"should handle check errors","duration":2.092879999999923,"failureMessages":[],"meta":{}},{"ancestorTitles":["useAudio","cancelAudio"],"fullName":"useAudio cancelAudio should cancel audio generation","status":"passed","title":"should cancel audio generation","duration":1.7664970000000721,"failureMessages":[],"meta":{}},{"ancestorTitles":["useAudio","cancelAudio"],"fullName":"useAudio cancelAudio should handle cancel errors","status":"passed","title":"should handle cancel errors","duration":1.7276879999999437,"failureMessages":[],"meta":{}},{"ancestorTitles":["useAudio","generateAudio"],"fullName":"useAudio generateAudio should generate audio for a dialog","status":"passed","title":"should generate audio for a dialog","duration":6.045366000000058,"failureMessages":[],"meta":{}},{"ancestorTitles":["useAudio","generateAudio"],"fullName":"useAudio generateAudio should parse filename from different output formats","status":"passed","title":"should parse filename from different output formats","duration":4.3935200000000805,"failureMessages":[],"meta":{}},{"ancestorTitles":["useAudio","generateAudio"],"fullName":"useAudio generateAudio should throw error if filename cannot be parsed","status":"passed","title":"should throw error if filename cannot be parsed","duration":10.17757800000004,"failureMessages":[],"meta":{}},{"ancestorTitles":["useAudio","generateAudio"],"fullName":"useAudio generateAudio should handle generation errors","status":"passed","title":"should handle generation errors","duration":2.2064660000000913,"failureMessages":[],"meta":{}},{"ancestorTitles":["useAudio","generateAudio"],"fullName":"useAudio generateAudio should skip playback when skipPlay is true","status":"passed","title":"should skip playback when skipPlay is true","duration":4.161481999999978,"failureMessages":[],"meta":{}},{"ancestorTitles":["useAudio","generateAudio"],"fullName":"useAudio generateAudio should use mock fallback when window.api is unavailable","status":"passed","title":"should use mock fallback when window.api is unavailable","duration":2003.654046,"failureMessages":[],"meta":{}},{"ancestorTitles":["useAudio","generateAudio"],"fullName":"useAudio generateAudio should handle cancellation during generation","status":"passed","title":"should handle cancellation during generation","duration":0.9952400000001944,"failureMessages":[],"meta":{}},{"ancestorTitles":["useAudio","edge cases"],"fullName":"useAudio edge cases should handle null currentChapterFile in refreshClips","status":"passed","title":"should handle null currentChapterFile in refreshClips","duration":0.5706100000002152,"failureMessages":[],"meta":{}},{"ancestorTitles":["useAudio","edge cases"],"fullName":"useAudio edge cases should handle file paths without extension","status":"passed","title":"should handle file paths without extension","duration":0.6044890000002852,"failureMessages":[],"meta":{}}],"startTime":1786491359503,"endTime":1786491361578.6045,"status":"passed","message":"","name":"/home/dsidlo/workspace/FlexiTTS/src/ui/src/__tests__/useAudio.test.ts"},{"assertionResults":[{"ancestorTitles":["useAudioPlayer","initial state"],"fullName":"useAudioPlayer initial state should initialize with correct default state","status":"passed","title":"should initialize with correct default state","duration":20.31802400000015,"failureMessages":[],"meta":{}},{"ancestorTitles":["useAudioPlayer","play"],"fullName":"useAudioPlayer play should play audio successfully","status":"passed","title":"should play audio successfully","duration":6.347307000000001,"failureMessages":[],"meta":{}},{"ancestorTitles":["useAudioPlayer","play"],"fullName":"useAudioPlayer play should stop previous audio before playing new audio","status":"passed","title":"should stop previous audio before playing new audio","duration":3.3127689999998893,"failureMessages":[],"meta":{}},{"ancestorTitles":["useAudioPlayer","play"],"fullName":"useAudioPlayer play should set up event listeners on play","status":"passed","title":"should set up event listeners on play","duration":5.934244999999919,"failureMessages":[],"meta":{}},{"ancestorTitles":["useAudioPlayer","play"],"fullName":"useAudioPlayer play should update duration on loadedmetadata event","status":"passed","title":"should update duration on loadedmetadata event","duration":2.801783999999998,"failureMessages":[],"meta":{}},{"ancestorTitles":["useAudioPlayer","play"],"fullName":"useAudioPlayer play should update currentTime on timeupdate event","status":"passed","title":"should update currentTime on timeupdate event","duration":2.708996999999954,"failureMessages":[],"meta":{}},{"ancestorTitles":["useAudioPlayer","play"],"fullName":"useAudioPlayer play should reset state on ended event","status":"passed","title":"should reset state on ended event","duration":2.7479589999998097,"failureMessages":[],"meta":{}},{"ancestorTitles":["useAudioPlayer","play"],"fullName":"useAudioPlayer play should handle error event","status":"passed","title":"should handle error event","duration":3.3293559999999616,"failureMessages":[],"meta":{}},{"ancestorTitles":["useAudioPlayer","play"],"fullName":"useAudioPlayer play should handle play error","status":"passed","title":"should handle play error","duration":11.359617999999955,"failureMessages":[],"meta":{}},{"ancestorTitles":["useAudioPlayer","pause"],"fullName":"useAudioPlayer pause should pause playing audio","status":"passed","title":"should pause playing audio","duration":2.4751260000000457,"failureMessages":[],"meta":{}},{"ancestorTitles":["useAudioPlayer","pause"],"fullName":"useAudioPlayer pause should not pause if already paused","status":"passed","title":"should not pause if already paused","duration":1.82405800000015,"failureMessages":[],"meta":{}},{"ancestorTitles":["useAudioPlayer","resume"],"fullName":"useAudioPlayer resume should resume paused audio","status":"passed","title":"should resume paused audio","duration":1.6447410000000673,"failureMessages":[],"meta":{}},{"ancestorTitles":["useAudioPlayer","resume"],"fullName":"useAudioPlayer resume should handle resume error","status":"passed","title":"should handle resume error","duration":3.0559359999999742,"failureMessages":[],"meta":{}},{"ancestorTitles":["useAudioPlayer","resume"],"fullName":"useAudioPlayer resume should not resume if audio not paused","status":"passed","title":"should not resume if audio not paused","duration":1.6010789999997996,"failureMessages":[],"meta":{}},{"ancestorTitles":["useAudioPlayer","stop"],"fullName":"useAudioPlayer stop should stop audio and reset state","status":"passed","title":"should stop audio and reset state","duration":1.8133370000000468,"failureMessages":[],"meta":{}},{"ancestorTitles":["useAudioPlayer","stop"],"fullName":"useAudioPlayer stop should handle stop when no audio is playing","status":"passed","title":"should handle stop when no audio is playing","duration":1.3789760000001934,"failureMessages":[],"meta":{}},{"ancestorTitles":["useAudioPlayer","seek"],"fullName":"useAudioPlayer seek should seek to specified time","status":"passed","title":"should seek to specified time","duration":8.180106999999907,"failureMessages":[],"meta":{}},{"ancestorTitles":["useAudioPlayer","seek"],"fullName":"useAudioPlayer seek should clamp seek time to valid range","status":"passed","title":"should clamp seek time to valid range","duration":1.7280450000000656,"failureMessages":[],"meta":{}},{"ancestorTitles":["useAudioPlayer","seek"],"fullName":"useAudioPlayer seek should handle seek when no audio loaded","status":"passed","title":"should handle seek when no audio loaded","duration":1.4485469999999623,"failureMessages":[],"meta":{}},{"ancestorTitles":["useAudioPlayer","cleanup"],"fullName":"useAudioPlayer cleanup should cleanup on unmount","status":"passed","title":"should cleanup on unmount","duration":1.437488999999914,"failureMessages":[],"meta":{}}],"startTime":1786491359327,"endTime":1786491359413.4375,"status":"passed","message":"","name":"/home/dsidlo/workspace/FlexiTTS/src/ui/src/__tests__/useAudioPlayer.test.ts"},{"assertionResults":[{"ancestorTitles":["useChapter","initial state"],"fullName":"useChapter initial state should initialize with null values","status":"passed","title":"should initialize with null values","duration":21.21942100000001,"failureMessages":[],"meta":{}},{"ancestorTitles":["useChapter","state setters"],"fullName":"useChapter state setters should set config","status":"passed","title":"should set config","duration":4.3776940000000195,"failureMessages":[],"meta":{}},{"ancestorTitles":["useChapter","state setters"],"fullName":"useChapter state setters should set chapter list","status":"passed","title":"should set chapter list","duration":2.9956230000000232,"failureMessages":[],"meta":{}},{"ancestorTitles":["useChapter","state setters"],"fullName":"useChapter state setters should update selected character filter","status":"passed","title":"should update selected character filter","duration":9.911489000000074,"failureMessages":[],"meta":{}},{"ancestorTitles":["useChapter","state setters"],"fullName":"useChapter state setters should track available clips","status":"passed","title":"should track available clips","duration":6.613415999999916,"failureMessages":[],"meta":{}},{"ancestorTitles":["useChapter","state setters"],"fullName":"useChapter state setters should track chapter audio status","status":"passed","title":"should track chapter audio status","duration":2.2734219999999823,"failureMessages":[],"meta":{}},{"ancestorTitles":["useChapter","loadChapter"],"fullName":"useChapter loadChapter should load and parse chapter XML","status":"passed","title":"should load and parse chapter XML","duration":23.389409999999998,"failureMessages":[],"meta":{}},{"ancestorTitles":["useChapter","loadChapter"],"fullName":"useChapter loadChapter should set available clips","status":"passed","title":"should set available clips","duration":5.024881999999934,"failureMessages":[],"meta":{}},{"ancestorTitles":["useChapter","loadChapter"],"fullName":"useChapter loadChapter should check chapter audio status","status":"passed","title":"should check chapter audio status","duration":4.363119999999981,"failureMessages":[],"meta":{}},{"ancestorTitles":["useChapter","loadChapter"],"fullName":"useChapter loadChapter should reset character filter on load","status":"passed","title":"should reset character filter on load","duration":8.637221000000181,"failureMessages":[],"meta":{}},{"ancestorTitles":["useChapter","loadChapter"],"fullName":"useChapter loadChapter should set XML content after load","status":"passed","title":"should set XML content after load","duration":3.9037439999999606,"failureMessages":[],"meta":{}},{"ancestorTitles":["useChapter","handleUpdateDialog"],"fullName":"useChapter handleUpdateDialog should update dialog and mark changes","status":"passed","title":"should update dialog and mark changes","duration":3.176085999999941,"failureMessages":[],"meta":{}},{"ancestorTitles":["useChapter","handleUpdateDialog"],"fullName":"useChapter handleUpdateDialog should match dialog by _index when available","status":"passed","title":"should match dialog by _index when available","duration":2.991661000000022,"failureMessages":[],"meta":{}},{"ancestorTitles":["useChapter","handleUpdateDialog"],"fullName":"useChapter handleUpdateDialog should immediately revalidate after changing a dialog character","status":"passed","title":"should immediately revalidate after changing a dialog character","duration":13.983793999999989,"failureMessages":[],"meta":{}},{"ancestorTitles":["useChapter","handleChapterSelect - basic flow"],"fullName":"useChapter handleChapterSelect - basic flow should load chapter when XML exists","status":"passed","title":"should load chapter when XML exists","duration":5.1061540000000605,"failureMessages":[],"meta":{}},{"ancestorTitles":["useChapter","unsaved changes ref"],"fullName":"useChapter unsaved changes ref should sync ref with state","status":"passed","title":"should sync ref with state","duration":2.7571730000001935,"failureMessages":[],"meta":{}},{"ancestorTitles":["useChapter","unsaved changes ref"],"fullName":"useChapter unsaved changes ref should allow direct ref value updates","status":"passed","title":"should allow direct ref value updates","duration":1.1161919999999554,"failureMessages":[],"meta":{}},{"ancestorTitles":["useChapter","edge cases"],"fullName":"useChapter edge cases should handle XML validation warnings gracefully","status":"passed","title":"should handle XML validation warnings gracefully","duration":2.9674019999999928,"failureMessages":[],"meta":{}},{"ancestorTitles":["useChapter","edge cases"],"fullName":"useChapter edge cases should not update dialog if chapter is null","status":"passed","title":"should not update dialog if chapter is null","duration":1.4412339999998949,"failureMessages":[],"meta":{}},{"ancestorTitles":["useChapter","edge cases"],"fullName":"useChapter edge cases should flag missing voice-sample file on load","status":"passed","title":"should flag missing voice-sample file on load","duration":3.0450469999998404,"failureMessages":[],"meta":{}}],"startTime":1786491359514,"endTime":1786491359645.0452,"status":"passed","message":"","name":"/home/dsidlo/workspace/FlexiTTS/src/ui/src/__tests__/useChapter.test.ts"},{"assertionResults":[{"ancestorTitles":["formatMarkdownContent"],"fullName":"formatMarkdownContent should return short lines unchanged","status":"passed","title":"should return short lines unchanged","duration":1.5098590000000058,"failureMessages":[],"meta":{}},{"ancestorTitles":["formatMarkdownContent"],"fullName":"formatMarkdownContent should wrap long lines at word boundaries","status":"passed","title":"should wrap long lines at word boundaries","duration":0.5415729999999712,"failureMessages":[],"meta":{}},{"ancestorTitles":["formatMarkdownContent"],"fullName":"formatMarkdownContent should preserve existing line breaks","status":"passed","title":"should preserve existing line breaks","duration":0.2024429999999029,"failureMessages":[],"meta":{}},{"ancestorTitles":["formatMarkdownContent"],"fullName":"formatMarkdownContent should format multiple lines independently","status":"passed","title":"should format multiple lines independently","duration":0.2147059999999783,"failureMessages":[],"meta":{}},{"ancestorTitles":["formatMarkdownContent"],"fullName":"formatMarkdownContent should handle custom limit","status":"passed","title":"should handle custom limit","duration":0.19349299999998948,"failureMessages":[],"meta":{}},{"ancestorTitles":["formatMarkdownContent"],"fullName":"formatMarkdownContent should handle empty content","status":"passed","title":"should handle empty content","duration":0.16445099999987178,"failureMessages":[],"meta":{}},{"ancestorTitles":["useMarkdown","initial state"],"fullName":"useMarkdown initial state should initialize with correct default state","status":"passed","title":"should initialize with correct default state","duration":18.46097400000008,"failureMessages":[],"meta":{}},{"ancestorTitles":["useMarkdown","initial state"],"fullName":"useMarkdown initial state should initialize with provided storyDirectory","status":"passed","title":"should initialize with provided storyDirectory","duration":2.258340999999973,"failureMessages":[],"meta":{}},{"ancestorTitles":["useMarkdown","setMarkdownContent"],"fullName":"useMarkdown setMarkdownContent should update content and track unsaved changes","status":"passed","title":"should update content and track unsaved changes","duration":4.792046000000028,"failureMessages":[],"meta":{}},{"ancestorTitles":["useMarkdown","setMarkdownContent"],"fullName":"useMarkdown setMarkdownContent should not mark as changed if content matches saved","status":"passed","title":"should not mark as changed if content matches saved","duration":7.0699590000001535,"failureMessages":[],"meta":{}},{"ancestorTitles":["useMarkdown","formatMarkdown"],"fullName":"useMarkdown formatMarkdown should format content to 80 characters","status":"passed","title":"should format content to 80 characters","duration":2.709765999999945,"failureMessages":[],"meta":{}},{"ancestorTitles":["useMarkdown","formatMarkdown"],"fullName":"useMarkdown formatMarkdown should track unsaved changes after formatting","status":"passed","title":"should track unsaved changes after formatting","duration":2.051542000000154,"failureMessages":[],"meta":{}},{"ancestorTitles":["useMarkdown","loadMarkdown"],"fullName":"useMarkdown loadMarkdown should load markdown content from file","status":"passed","title":"should load markdown content from file","duration":3.864332000000104,"failureMessages":[],"meta":{}},{"ancestorTitles":["useMarkdown","loadMarkdown"],"fullName":"useMarkdown loadMarkdown should use forceStoryDir if provided","status":"passed","title":"should use forceStoryDir if provided","duration":1.9423729999998613,"failureMessages":[],"meta":{}},{"ancestorTitles":["useMarkdown","loadMarkdown"],"fullName":"useMarkdown loadMarkdown should handle load error gracefully","status":"passed","title":"should handle load error gracefully","duration":1.6161849999998594,"failureMessages":[],"meta":{}},{"ancestorTitles":["useMarkdown","loadMarkdown"],"fullName":"useMarkdown loadMarkdown should use default story directory when none provided","status":"passed","title":"should use default story directory when none provided","duration":2.999550999999883,"failureMessages":[],"meta":{}},{"ancestorTitles":["useMarkdown","saveMarkdown"],"fullName":"useMarkdown saveMarkdown should save markdown content with stem","status":"passed","title":"should save markdown content with stem","duration":2.0471339999999145,"failureMessages":[],"meta":{}},{"ancestorTitles":["useMarkdown","saveMarkdown"],"fullName":"useMarkdown saveMarkdown should handle save error gracefully","status":"passed","title":"should handle save error gracefully","duration":2.9743590000000495,"failureMessages":[],"meta":{}},{"ancestorTitles":["useMarkdown","saveMarkdown"],"fullName":"useMarkdown saveMarkdown should not save if no changes","status":"passed","title":"should not save if no changes","duration":1.4132640000000265,"failureMessages":[],"meta":{}},{"ancestorTitles":["useMarkdown","saveMarkdown"],"fullName":"useMarkdown saveMarkdown should not save if no stem provided","status":"passed","title":"should not save if no stem provided","duration":2.8604239999999663,"failureMessages":[],"meta":{}},{"ancestorTitles":["useMarkdown","resetMarkdown"],"fullName":"useMarkdown resetMarkdown should reset all markdown state","status":"passed","title":"should reset all markdown state","duration":2.5950760000000628,"failureMessages":[],"meta":{}},{"ancestorTitles":["useMarkdown","getMarkdownPath"],"fullName":"useMarkdown getMarkdownPath should return correct markdown path","status":"passed","title":"should return correct markdown path","duration":1.227038999999877,"failureMessages":[],"meta":{}},{"ancestorTitles":["useMarkdown","getMarkdownPath"],"fullName":"useMarkdown getMarkdownPath should use default story directory if not provided","status":"passed","title":"should use default story directory if not provided","duration":1.2398070000001553,"failureMessages":[],"meta":{}},{"ancestorTitles":["useMarkdown","toggleEditor"],"fullName":"useMarkdown toggleEditor should toggle editor mode","status":"passed","title":"should toggle editor mode","duration":1.8373090000000047,"failureMessages":[],"meta":{}},{"ancestorTitles":["useMarkdown","toggleEditor"],"fullName":"useMarkdown toggleEditor should show confirmation when unsaved changes exist","status":"passed","title":"should show confirmation when unsaved changes exist","duration":1.7551519999999527,"failureMessages":[],"meta":{}},{"ancestorTitles":["useMarkdown","toggleEditor"],"fullName":"useMarkdown toggleEditor should respect force option","status":"passed","title":"should respect force option","duration":1.5407199999999648,"failureMessages":[],"meta":{}},{"ancestorTitles":["useMarkdown","toggleEditor"],"fullName":"useMarkdown toggleEditor should call onBeforeToggle callback when saving with unsaved changes","status":"passed","title":"should call onBeforeToggle callback when saving with unsaved changes","duration":1.6002690000000257,"failureMessages":[],"meta":{}},{"ancestorTitles":["useMarkdown","toggleEditor"],"fullName":"useMarkdown toggleEditor should call onAfterToggle callback","status":"passed","title":"should call onAfterToggle callback","duration":1.9008300000000418,"failureMessages":[],"meta":{}},{"ancestorTitles":["useMarkdown","toggleEditor"],"fullName":"useMarkdown toggleEditor should cancel toggle if user declines confirmation","status":"passed","title":"should cancel toggle if user declines confirmation","duration":2.4192480000001524,"failureMessages":[],"meta":{}},{"ancestorTitles":["useMarkdown","ref value setters"],"fullName":"useMarkdown ref value setters should update lastSavedMarkdown via setLastSavedMarkdownValue","status":"passed","title":"should update lastSavedMarkdown via setLastSavedMarkdownValue","duration":1.2221270000000004,"failureMessages":[],"meta":{}},{"ancestorTitles":["useMarkdown","ref value setters"],"fullName":"useMarkdown ref value setters should update hasUnsavedMarkdownChanges via setHasUnsavedMarkdownChangesValue","status":"passed","title":"should update hasUnsavedMarkdownChanges via setHasUnsavedMarkdownChangesValue","duration":1.068563999999924,"failureMessages":[],"meta":{}},{"ancestorTitles":["useMarkdown","refs synchronization"],"fullName":"useMarkdown refs synchronization should sync refs with state","status":"passed","title":"should sync refs with state","duration":1.4931779999999435,"failureMessages":[],"meta":{}},{"ancestorTitles":["useMarkdown","window width"],"fullName":"useMarkdown window width should update window width","status":"passed","title":"should update window width","duration":1.1843819999999141,"failureMessages":[],"meta":{}},{"ancestorTitles":["useMarkdown","window width"],"fullName":"useMarkdown window width should initialize with window.innerWidth","status":"passed","title":"should initialize with window.innerWidth","duration":0.7937000000001717,"failureMessages":[],"meta":{}}],"startTime":1786491359343,"endTime":1786491359425.7937,"status":"passed","message":"","name":"/home/dsidlo/workspace/FlexiTTS/src/ui/src/__tests__/useMarkdown.test.ts"}]}